

Microchip Technology PIC18 LITE Macro Assembler V1.30 build 55553 
                                                                                               Tue May 10 01:49:31 2022

Microchip Technology Omniscient Code Generator (Lite mode) build 55553
     1                           	processor	18F4420
     2                           	fnconf	rparam,??,?,0
     3                           	opt	pw 120
     4                           	opt	lm
     5                           	psect	text0,global,reloc=2,class=CODE,delta=1
     6                           	psect	cinit,global,reloc=2,class=CODE,delta=1
     7                           	psect	cstackCOMRAM,global,class=COMRAM,space=1,delta=1
     8                           	psect	intsave_regs,global,class=BIGRAM,space=1,delta=1
     9                           	psect	rparam,global,class=COMRAM,space=1,delta=1
    10  0000                     _LATB	set	3978
    11  0000                     _PORTB	set	3969
    12  0000                     _PORTC	set	3970
    13  0000                     _PORTD	set	3971
    14  0000                     _TRISB	set	3987
    15                           
    16 ;;
    17 ;;Main: autosize = 0, tempsize = 0, incstack = 0, save=0
    18 ;;
    19 ;; *************** function _main *****************
    20 ;; Defined at:
    21 ;;		line 2 in file "newmain1.c"
    22 ;; Parameters:    Size  Location     Type
    23 ;;		None
    24 ;; Auto vars:     Size  Location     Type
    25 ;;  j               2    4[COMRAM] unsigned int 
    26 ;;  i               2    2[COMRAM] unsigned int 
    27 ;;  x               2    0[COMRAM] unsigned int 
    28 ;; Return value:  Size  Location     Type
    29 ;;		None               void
    30 ;; Registers used:
    31 ;;		wreg, status,2, status,0
    32 ;; Tracked objects:
    33 ;;		On entry : 0/0
    34 ;;		On exit  : 0/0
    35 ;;		Unchanged: 0/0
    36 ;; Data sizes:     COMRAM   BANK0   BANK1   BANK2
    37 ;;      Params:         0       0       0       0
    38 ;;      Locals:         6       0       0       0
    39 ;;      Temps:          0       0       0       0
    40 ;;      Totals:         6       0       0       0
    41 ;;Total ram usage:        6 bytes
    42 ;; This function calls:
    43 ;;		Nothing
    44 ;; This function is called by:
    45 ;;		Startup code after reset
    46 ;; This function uses a non-reentrant model
    47 ;;
    48                           
    49                           	psect	text0
    50  003FCC                     __ptext0:
    51                           	opt stack 0
    52  003FCC                     _main:
    53                           	opt stack 31
    54                           
    55                           ;newmain1.c: 3: unsigned int i,j,x;
    56                           ;newmain1.c: 4: TRISB = 0;
    57                           
    58                           ;incstack = 0
    59  003FCC  0E00               	movlw	0
    60  003FCE  6E93               	movwf	3987,c	;volatile
    61                           
    62                           ;newmain1.c: 5: LATB = 0;
    63  003FD0  0E00               	movlw	0
    64  003FD2  6E8A               	movwf	3978,c	;volatile
    65                           
    66                           ;newmain1.c: 6: i = 0x04;
    67  003FD4  0E00               	movlw	0
    68  003FD6  6E04               	movwf	main@i+1,c
    69  003FD8  0E04               	movlw	4
    70  003FDA  6E03               	movwf	main@i,c
    71                           
    72                           ;newmain1.c: 7: j = 0x05;
    73  003FDC  0E00               	movlw	0
    74  003FDE  6E06               	movwf	main@j+1,c
    75  003FE0  0E05               	movlw	5
    76  003FE2  6E05               	movwf	main@j,c
    77                           
    78                           ;newmain1.c: 8: x = i+j;
    79  003FE4  5005               	movf	main@j,w,c
    80  003FE6  2403               	addwf	main@i,w,c
    81  003FE8  6E01               	movwf	main@x,c
    82  003FEA  5006               	movf	main@j+1,w,c
    83  003FEC  2004               	addwfc	main@i+1,w,c
    84  003FEE  6E02               	movwf	main@x+1,c
    85                           
    86                           ;newmain1.c: 9: PORTB = x;
    87  003FF0  C001  FF81         	movff	main@x,3969	;volatile
    88                           
    89                           ;newmain1.c: 10: PORTC= i;
    90  003FF4  C003  FF82         	movff	main@i,3970	;volatile
    91                           
    92                           ;newmain1.c: 11: PORTD =j;
    93  003FF8  C005  FF83         	movff	main@j,3971	;volatile
    94  003FFC  EF00  F000         	goto	start
    95  004000                     __end_of_main:
    96                           	opt stack 0
    97  0000                     
    98                           	psect	cinit
    99  003FC6                     __pcinit:
   100                           	opt stack 0
   101  003FC6                     start_initialization:
   102                           	opt stack 0
   103  003FC6                     __initialization:
   104                           	opt stack 0
   105  003FC6                     end_of_initialization:
   106                           	opt stack 0
   107  003FC6                     __end_of__initialization:
   108                           	opt stack 0
   109  003FC6  0100               	movlb	0
   110  003FC8  EFE6  F01F         	goto	_main	;jump to C main() function
   111                           
   112                           	psect	cstackCOMRAM
   113  000001                     __pcstackCOMRAM:
   114                           	opt stack 0
   115  000001                     main@x:
   116                           	opt stack 0
   117                           
   118                           ; 2 bytes @ 0x0
   119  000001                     	ds	2
   120  000003                     main@i:
   121                           	opt stack 0
   122                           
   123                           ; 2 bytes @ 0x2
   124  000003                     	ds	2
   125  000005                     main@j:
   126                           	opt stack 0
   127                           
   128                           ; 2 bytes @ 0x4
   129  000005                     	ds	2
   130                           
   131                           	psect	rparam


Data Sizes:
    Strings     0
    Constant    0
    Data        0
    BSS         0
    Persistent  0
    Stack       0

Auto Spaces:
    Space          Size  Autos    Used
    COMRAM          127      6       6
    BANK0           128      0       0
    BANK1           256      0       0
    BANK2           256      0       0

Pointer List with Targets:

    None.

Critical Paths under _main in COMRAM

    None.

Critical Paths under _main in BANK0

    None.

Critical Paths under _main in BANK1

    None.

Critical Paths under _main in BANK2

    None.

Call Graph Tables:

 ---------------------------------------------------------------------------------
 (Depth) Function   	        Calls       Base Space   Used Autos Params    Refs
 ---------------------------------------------------------------------------------
 (0) _main                                                 6     6      0      75
                                              0 COMRAM     6     6      0
 ---------------------------------------------------------------------------------
 Estimated maximum stack depth 0
 ---------------------------------------------------------------------------------

 Call Graph Graphs:

 _main (ROOT)

 Address spaces:
Name               Size   Autos  Total    Cost      Usage
BITCOMRAM           7F      0       0       0        0.0%
EEDATA             100      0       0       0        0.0%
NULL                 0      0       0       0        0.0%
CODE                 0      0       0       0        0.0%
COMRAM              7F      6       6       1        4.7%
STACK                0      0       0       2        0.0%
ABS                  0      0       0       3        0.0%
BITBANK0            80      0       0       4        0.0%
BANK0               80      0       0       5        0.0%
BITBANK1           100      0       0       6        0.0%
BANK1              100      0       0       7        0.0%
BITBANK2           100      0       0       8        0.0%
BANK2              100      0       0       9        0.0%
BIGRAM             2FF      0       0      10        0.0%
DATA                 0      0       0      11        0.0%
BITSFR               0      0       0      40        0.0%
SFR                  0      0       0      40        0.0%


Microchip Technology PIC18 Macro Assembler V1.30 build 55553 
Symbol Table                                                                                   Tue May 10 01:49:31 2022

                   _LATB 000F8A                     _main 3FCC                     start 0000  
                  ?_main 0001                    _PORTB 000F81                    _PORTC 000F82  
                  _PORTD 000F83                    _TRISB 000F93                    main@i 0003  
                  main@j 0005                    main@x 0001          __initialization 3FC6  
           __end_of_main 4000                   ??_main 0001            __activetblptr 000000  
             __accesstop 0080  __end_of__initialization 3FC6           __pcstackCOMRAM 0001  
                __Hparam 0000                  __Lparam 0000                  __pcinit 3FC6  
                __ramtop 0300                  __ptext0 3FCC     end_of_initialization 3FC6  
    start_initialization 3FC6                 __Hrparam 0000                 __Lrparam 0000  
          __size_of_main 0034  
